This file contains any messages produced by compilers while
running configure, to aid debugging if configure makes a mistake.

It was created by Rivet configure 3.1.1, which was
generated by GNU Autoconf 2.69.  Invocation command line was

  $ ./configure 

## --------- ##
## Platform. ##
## --------- ##

hostname = RobyThinkPad
uname -m = x86_64
uname -r = 5.4.0-37-generic
uname -s = Linux
uname -v = #41-Ubuntu SMP Wed Jun 3 18:57:02 UTC 2020

/usr/bin/uname -p = unknown
/bin/uname -X     = unknown

/bin/arch              = unknown
/usr/bin/arch -k       = unknown
/usr/convex/getsysinfo = unknown
/usr/bin/hostinfo      = unknown
/bin/machine           = unknown
/usr/bin/oslevel       = unknown
/bin/universe          = unknown

PATH: /usr/local/sbin
PATH: /usr/local/bin
PATH: /usr/sbin
PATH: /usr/bin
PATH: /sbin
PATH: /bin
PATH: /usr/games
PATH: /usr/local/games
PATH: /snap/bin
PATH: /home/preghenella/bin


## ----------- ##
## Core tests. ##
## ----------- ##

configure:3029: checking for a BSD-compatible install
configure:3097: result: /usr/bin/install -c
configure:3108: checking whether build environment is sane
configure:3163: result: yes
configure:3312: checking for a thread-safe mkdir -p
configure:3351: result: /bin/mkdir -p
configure:3358: checking for gawk
configure:3388: result: no
configure:3358: checking for mawk
configure:3374: found /usr/bin/mawk
configure:3385: result: mawk
configure:3396: checking whether make sets $(MAKE)
configure:3418: result: yes
configure:3447: checking whether make supports nested variables
configure:3464: result: yes
configure:3601: checking whether make supports nested variables
configure:3618: result: yes
configure:3641: checking for style of include used by make
configure:3669: result: GNU
configure:3740: checking for gcc
configure:3756: found /usr/bin/gcc
configure:3767: result: gcc
configure:3996: checking for C compiler version
configure:4005: gcc --version >&5
gcc (Ubuntu 9.3.0-10ubuntu2) 9.3.0
Copyright (C) 2019 Free Software Foundation, Inc.
This is free software; see the source for copying conditions.  There is NO
warranty; not even for MERCHANTABILITY or FITNESS FOR A PARTICULAR PURPOSE.

configure:4016: $? = 0
configure:4005: gcc -v >&5
Using built-in specs.
COLLECT_GCC=gcc
COLLECT_LTO_WRAPPER=/usr/lib/gcc/x86_64-linux-gnu/9/lto-wrapper
OFFLOAD_TARGET_NAMES=nvptx-none:hsa
OFFLOAD_TARGET_DEFAULT=1
Target: x86_64-linux-gnu
Configured with: ../src/configure -v --with-pkgversion='Ubuntu 9.3.0-10ubuntu2' --with-bugurl=file:///usr/share/doc/gcc-9/README.Bugs --enable-languages=c,ada,c++,go,brig,d,fortran,objc,obj-c++,gm2 --prefix=/usr --with-gcc-major-version-only --program-suffix=-9 --program-prefix=x86_64-linux-gnu- --enable-shared --enable-linker-build-id --libexecdir=/usr/lib --without-included-gettext --enable-threads=posix --libdir=/usr/lib --enable-nls --enable-clocale=gnu --enable-libstdcxx-debug --enable-libstdcxx-time=yes --with-default-libstdcxx-abi=new --enable-gnu-unique-object --disable-vtable-verify --enable-plugin --enable-default-pie --with-system-zlib --with-target-system-zlib=auto --enable-objc-gc=auto --enable-multiarch --disable-werror --with-arch-32=i686 --with-abi=m64 --with-multilib-list=m32,m64,mx32 --enable-multilib --with-tune=generic --enable-offload-targets=nvptx-none,hsa --without-cuda-driver --enable-checking=release --build=x86_64-linux-gnu --host=x86_64-linux-gnu --target=x86_64-linux-gnu
Thread model: posix
gcc version 9.3.0 (Ubuntu 9.3.0-10ubuntu2) 
configure:4016: $? = 0
configure:4005: gcc -V >&5
gcc: error: unrecognized command line option '-V'
gcc: fatal error: no input files
compilation terminated.
configure:4016: $? = 1
configure:4005: gcc -qversion >&5
gcc: error: unrecognized command line option '-qversion'; did you mean '--version'?
gcc: fatal error: no input files
compilation terminated.
configure:4016: $? = 1
configure:4036: checking whether the C compiler works
configure:4058: gcc    conftest.c  >&5
configure:4062: $? = 0
configure:4110: result: yes
configure:4113: checking for C compiler default output file name
configure:4115: result: a.out
configure:4121: checking for suffix of executables
configure:4128: gcc -o conftest    conftest.c  >&5
configure:4132: $? = 0
configure:4154: result: 
configure:4176: checking whether we are cross compiling
configure:4184: gcc -o conftest    conftest.c  >&5
configure:4188: $? = 0
configure:4195: ./conftest
configure:4199: $? = 0
configure:4187: result: no
configure:4192: checking for suffix of object files
configure:4214: gcc -c   conftest.c >&5
configure:4218: $? = 0
configure:4239: result: o
configure:4243: checking whether we are using the GNU C compiler
configure:4262: gcc -c   conftest.c >&5
configure:4262: $? = 0
configure:4271: result: yes
configure:4280: checking whether gcc accepts -g
configure:4300: gcc -c -g  conftest.c >&5
configure:4300: $? = 0
configure:4341: result: yes
configure:4358: checking for gcc option to accept ISO C89
configure:4421: gcc  -c -g -O2  conftest.c >&5
configure:4421: $? = 0
configure:4434: result: none needed
configure:4459: checking whether gcc understands -c and -o together
configure:4481: gcc -c conftest.c -o conftest2.o
configure:4484: $? = 0
configure:4481: gcc -c conftest.c -o conftest2.o
configure:4484: $? = 0
configure:4496: result: yes
configure:4515: checking dependency style of gcc
configure:4626: result: gcc3
configure:4691: checking for ar
configure:4707: found /usr/bin/ar
configure:4718: result: ar
configure:4744: checking the archiver (ar) interface
configure:4760: gcc -c -g -O2  conftest.c >&5
configure:4760: $? = 0
configure:4762: ar cru libconftest.a conftest.o >&5
ar: `u' modifier ignored since `D' is the default (see `U')
configure:4765: $? = 0
configure:4764: result: ar
configure:4873: checking for sw_vers
configure:4903: result: no
configure:4953: Calculating LCG platform tag from system properties
configure:4955: checking for OS type
configure:4981: result: Linux
configure:4985: checking for architecture type
configure:4988: result: x86_64
configure:4996: checking for g++
configure:5014: found /usr/bin/g++
configure:5026: result: /usr/bin/g++
configure:5036: checking for gcc/g++ version
configure:5043: result: gcc93
configure:5095: LCG platform tag is 'x86_64-Linux-gcc93-opt'
configure:5221: checking for C++ compiler version
configure:5230: /usr/bin/g++ --version >&5
g++ (Ubuntu 9.3.0-10ubuntu2) 9.3.0
Copyright (C) 2019 Free Software Foundation, Inc.
This is free software; see the source for copying conditions.  There is NO
warranty; not even for MERCHANTABILITY or FITNESS FOR A PARTICULAR PURPOSE.

configure:5241: $? = 0
configure:5230: /usr/bin/g++ -v >&5
Using built-in specs.
COLLECT_GCC=/usr/bin/g++
COLLECT_LTO_WRAPPER=/usr/lib/gcc/x86_64-linux-gnu/9/lto-wrapper
OFFLOAD_TARGET_NAMES=nvptx-none:hsa
OFFLOAD_TARGET_DEFAULT=1
Target: x86_64-linux-gnu
Configured with: ../src/configure -v --with-pkgversion='Ubuntu 9.3.0-10ubuntu2' --with-bugurl=file:///usr/share/doc/gcc-9/README.Bugs --enable-languages=c,ada,c++,go,brig,d,fortran,objc,obj-c++,gm2 --prefix=/usr --with-gcc-major-version-only --program-suffix=-9 --program-prefix=x86_64-linux-gnu- --enable-shared --enable-linker-build-id --libexecdir=/usr/lib --without-included-gettext --enable-threads=posix --libdir=/usr/lib --enable-nls --enable-clocale=gnu --enable-libstdcxx-debug --enable-libstdcxx-time=yes --with-default-libstdcxx-abi=new --enable-gnu-unique-object --disable-vtable-verify --enable-plugin --enable-default-pie --with-system-zlib --with-target-system-zlib=auto --enable-objc-gc=auto --enable-multiarch --disable-werror --with-arch-32=i686 --with-abi=m64 --with-multilib-list=m32,m64,mx32 --enable-multilib --with-tune=generic --enable-offload-targets=nvptx-none,hsa --without-cuda-driver --enable-checking=release --build=x86_64-linux-gnu --host=x86_64-linux-gnu --target=x86_64-linux-gnu
Thread model: posix
gcc version 9.3.0 (Ubuntu 9.3.0-10ubuntu2) 
configure:5241: $? = 0
configure:5230: /usr/bin/g++ -V >&5
g++: error: unrecognized command line option '-V'
g++: fatal error: no input files
compilation terminated.
configure:5241: $? = 1
configure:5230: /usr/bin/g++ -qversion >&5
g++: error: unrecognized command line option '-qversion'; did you mean '--version'?
g++: fatal error: no input files
compilation terminated.
configure:5241: $? = 1
configure:5245: checking whether we are using the GNU C++ compiler
configure:5264: /usr/bin/g++ -c -O2  conftest.cpp >&5
configure:5264: $? = 0
configure:5273: result: yes
configure:5282: checking whether /usr/bin/g++ accepts -g
configure:5302: /usr/bin/g++ -c -g  conftest.cpp >&5
configure:5302: $? = 0
configure:5343: result: yes
configure:5368: checking dependency style of /usr/bin/g++
configure:5479: result: gcc3
configure:5502: checking whether /usr/bin/g++ supports C++14 features by default
configure:5916: /usr/bin/g++ -c -O2  conftest.cpp >&5
configure:5916: $? = 0
configure:5923: result: yes
configure:6403: checking whether ln -s works
configure:6407: result: yes
configure:6478: checking build system type
configure:6492: result: x86_64-pc-linux-gnu
configure:6512: checking host system type
configure:6525: result: x86_64-pc-linux-gnu
configure:6566: checking how to print strings
configure:6593: result: printf
configure:6614: checking for a sed that does not truncate output
configure:6678: result: /bin/sed
configure:6696: checking for grep that handles long lines and -e
configure:6754: result: /bin/grep
configure:6759: checking for egrep
configure:6821: result: /bin/grep -E
configure:6826: checking for fgrep
configure:6888: result: /bin/grep -F
configure:6923: checking for ld used by gcc
configure:6990: result: /usr/bin/ld
configure:6997: checking if the linker (/usr/bin/ld) is GNU ld
configure:7012: result: yes
configure:7024: checking for BSD- or MS-compatible name lister (nm)
configure:7078: result: /usr/bin/nm -B
configure:7208: checking the name lister (/usr/bin/nm -B) interface
configure:7215: /usr/bin/g++ -c -O2  conftest.cpp >&5
configure:7218: /usr/bin/nm -B "conftest.o"
configure:7221: output
0000000000000000 B some_variable
configure:7222: result: BSD nm
configure:7226: checking the maximum length of command line arguments
configure:7357: result: 1572864
configure:7405: checking how to convert x86_64-pc-linux-gnu file names to x86_64-pc-linux-gnu format
configure:7445: result: func_convert_file_noop
configure:7452: checking how to convert x86_64-pc-linux-gnu file names to toolchain format
configure:7472: result: func_convert_file_noop
configure:7479: checking for /usr/bin/ld option to reload object files
configure:7486: result: -r
configure:7560: checking for objdump
configure:7576: found /usr/bin/objdump
configure:7587: result: objdump
configure:7619: checking how to recognize dependent libraries
configure:7819: result: pass_all
configure:7904: checking for dlltool
configure:7934: result: no
configure:7964: checking how to associate runtime and link libraries
configure:7991: result: printf %s\n
configure:8115: checking for archiver @FILE support
configure:8132: /usr/bin/g++ -c -O2  conftest.cpp >&5
configure:8132: $? = 0
configure:8135: ar cru libconftest.a @conftest.lst >&5
ar: `u' modifier ignored since `D' is the default (see `U')
configure:8138: $? = 0
configure:8143: ar cru libconftest.a @conftest.lst >&5
ar: `u' modifier ignored since `D' is the default (see `U')
ar: conftest.o: No such file or directory
configure:8146: $? = 1
configure:8145: result: @
configure:8203: checking for strip
configure:8219: found /usr/bin/strip
configure:8230: result: strip
configure:8302: checking for ranlib
configure:8318: found /usr/bin/ranlib
configure:8329: result: ranlib
configure:8431: checking command to parse /usr/bin/nm -B output from gcc object
configure:8584: /usr/bin/g++ -c -O2  conftest.cpp >&5
configure:8587: $? = 0
configure:8591: /usr/bin/nm -B conftest.o \| sed -n -e 's/^.*[ ]\([ABCDGIRSTW][ABCDGIRSTW]*\)[ ][ ]*\([_A-Za-z][_A-Za-z0-9]*\)$/\1 \2 \2/p' | sed '/ __gnu_lto/d' \> conftest.nm
configure:8594: $? = 0
configure:8660: /usr/bin/g++ -o conftest -O2   conftest.cpp conftstm.o >&5
configure:8663: $? = 0
configure:8701: result: ok
configure:8748: checking for sysroot
configure:8778: result: no
configure:8785: checking for a working dd
configure:8823: result: /bin/dd
configure:8827: checking how to truncate binary pipes
configure:8842: result: /bin/dd bs=4096 count=1
configure:8978: /usr/bin/g++ -c -O2  conftest.cpp >&5
configure:8981: $? = 0
configure:9171: checking for mt
configure:9187: found /bin/mt
configure:9198: result: mt
configure:9221: checking if mt is a manifest tool
configure:9227: mt '-?'
configure:9235: result: no
configure:9912: checking how to run the C preprocessor
configure:9943: gcc -E  conftest.c
configure:9943: $? = 0
configure:9957: gcc -E  conftest.c
conftest.c:18:10: fatal error: ac_nonexistent.h: No such file or directory
   18 | #include <ac_nonexistent.h>
      |          ^~~~~~~~~~~~~~~~~~
compilation terminated.
configure:9957: $? = 1
configure: failed program was:
| /* confdefs.h */
| #define PACKAGE_NAME "Rivet"
| #define PACKAGE_TARNAME "Rivet"
| #define PACKAGE_VERSION "3.1.1"
| #define PACKAGE_STRING "Rivet 3.1.1"
| #define PACKAGE_BUGREPORT "rivet@projects.hepforge.org"
| #define PACKAGE_URL ""
| #define PACKAGE "Rivet"
| #define VERSION "3.1.1"
| #define RIVET_VERSION "3.1.1"
| #define RIVET_VERSION_CODE 30101
| #define RIVET_NAME "Rivet"
| #define RIVET_STRING "Rivet 3.1.1"
| #define RIVET_TARNAME "Rivet"
| #define RIVET_BUGREPORT "rivet@projects.hepforge.org"
| #define HAVE_CXX14 1
| /* end confdefs.h.  */
| #include <ac_nonexistent.h>
configure:9982: result: gcc -E
configure:10002: gcc -E  conftest.c
configure:10002: $? = 0
configure:10016: gcc -E  conftest.c
conftest.c:18:10: fatal error: ac_nonexistent.h: No such file or directory
   18 | #include <ac_nonexistent.h>
      |          ^~~~~~~~~~~~~~~~~~
compilation terminated.
configure:10016: $? = 1
configure: failed program was:
| /* confdefs.h */
| #define PACKAGE_NAME "Rivet"
| #define PACKAGE_TARNAME "Rivet"
| #define PACKAGE_VERSION "3.1.1"
| #define PACKAGE_STRING "Rivet 3.1.1"
| #define PACKAGE_BUGREPORT "rivet@projects.hepforge.org"
| #define PACKAGE_URL ""
| #define PACKAGE "Rivet"
| #define VERSION "3.1.1"
| #define RIVET_VERSION "3.1.1"
| #define RIVET_VERSION_CODE 30101
| #define RIVET_NAME "Rivet"
| #define RIVET_STRING "Rivet 3.1.1"
| #define RIVET_TARNAME "Rivet"
| #define RIVET_BUGREPORT "rivet@projects.hepforge.org"
| #define HAVE_CXX14 1
| /* end confdefs.h.  */
| #include <ac_nonexistent.h>
configure:10045: checking for ANSI C header files
configure:10065: gcc -c -g -O2  conftest.c >&5
configure:10065: $? = 0
configure:10138: gcc -o conftest -g -O2   conftest.c  >&5
configure:10138: $? = 0
configure:10138: ./conftest
configure:10138: $? = 0
configure:10149: result: yes
configure:10162: checking for sys/types.h
configure:10162: gcc -c -g -O2  conftest.c >&5
configure:10162: $? = 0
configure:10162: result: yes
configure:10162: checking for sys/stat.h
configure:10162: gcc -c -g -O2  conftest.c >&5
configure:10162: $? = 0
configure:10162: result: yes
configure:10162: checking for stdlib.h
configure:10162: gcc -c -g -O2  conftest.c >&5
configure:10162: $? = 0
configure:10162: result: yes
configure:10162: checking for string.h
configure:10162: gcc -c -g -O2  conftest.c >&5
configure:10162: $? = 0
configure:10162: result: yes
configure:10162: checking for memory.h
configure:10162: gcc -c -g -O2  conftest.c >&5
configure:10162: $? = 0
configure:10162: result: yes
configure:10162: checking for strings.h
configure:10162: gcc -c -g -O2  conftest.c >&5
configure:10162: $? = 0
configure:10162: result: yes
configure:10162: checking for inttypes.h
configure:10162: gcc -c -g -O2  conftest.c >&5
configure:10162: $? = 0
configure:10162: result: yes
configure:10162: checking for stdint.h
configure:10162: gcc -c -g -O2  conftest.c >&5
configure:10162: $? = 0
configure:10162: result: yes
configure:10162: checking for unistd.h
configure:10162: gcc -c -g -O2  conftest.c >&5
configure:10162: $? = 0
configure:10162: result: yes
configure:10176: checking for dlfcn.h
configure:10176: gcc -c -g -O2  conftest.c >&5
configure:10176: $? = 0
configure:10176: result: yes
configure:10410: checking for objdir
configure:10425: result: .libs
configure:10689: checking if gcc supports -fno-rtti -fno-exceptions
configure:10707: gcc -c -g -O2  -fno-rtti -fno-exceptions conftest.c >&5
cc1: warning: command line option '-fno-rtti' is valid for C++/D/ObjC++ but not for C
configure:10711: $? = 0
configure:10724: result: no
configure:11082: checking for gcc option to produce PIC
configure:11089: result: -fPIC -DPIC
configure:11097: checking if gcc PIC flag -fPIC -DPIC works
configure:11115: gcc -c -g -O2  -fPIC -DPIC -DPIC conftest.c >&5
configure:11119: $? = 0
configure:11132: result: yes
configure:11161: checking if gcc static flag -static works
configure:11189: result: yes
configure:11204: checking if gcc supports -c -o file.o
configure:11225: gcc -c -g -O2  -o out/conftest2.o conftest.c >&5
configure:11229: $? = 0
configure:11251: result: yes
configure:11259: checking if gcc supports -c -o file.o
configure:11306: result: yes
configure:11339: checking whether the gcc linker (/usr/bin/ld -m elf_x86_64) supports shared libraries
configure:12602: result: yes
configure:12639: checking whether -lc should be explicitly linked in
configure:12647: gcc -c -g -O2  conftest.c >&5
configure:12650: $? = 0
configure:12665: gcc -shared  -fPIC -DPIC conftest.o  -v -Wl,-soname -Wl,conftest -o conftest 2\>\&1 \| /bin/grep  -lc  \>/dev/null 2\>\&1
configure:12668: $? = 0
configure:12682: result: no
configure:12842: checking dynamic linker characteristics
configure:13423: gcc -o conftest -g -O2   -Wl,-rpath -Wl,/foo conftest.c  >&5
configure:13423: $? = 0
configure:13672: result: GNU/Linux ld.so
configure:13794: checking how to hardcode library paths into programs
configure:13819: result: immediate
configure:13921: checking for shl_load
configure:13921: gcc -o conftest -g -O2   conftest.c  >&5
/usr/bin/ld: /tmp/ccacMkqW.o: in function `main':
/home/preghenella/Downloads/Rivet-3.1.1/conftest.c:64: undefined reference to `shl_load'
collect2: error: ld returned 1 exit status
configure:13921: $? = 1
configure: failed program was:
| /* confdefs.h */
| #define PACKAGE_NAME "Rivet"
| #define PACKAGE_TARNAME "Rivet"
| #define PACKAGE_VERSION "3.1.1"
| #define PACKAGE_STRING "Rivet 3.1.1"
| #define PACKAGE_BUGREPORT "rivet@projects.hepforge.org"
| #define PACKAGE_URL ""
| #define PACKAGE "Rivet"
| #define VERSION "3.1.1"
| #define RIVET_VERSION "3.1.1"
| #define RIVET_VERSION_CODE 30101
| #define RIVET_NAME "Rivet"
| #define RIVET_STRING "Rivet 3.1.1"
| #define RIVET_TARNAME "Rivet"
| #define RIVET_BUGREPORT "rivet@projects.hepforge.org"
| #define HAVE_CXX14 1
| #define STDC_HEADERS 1
| #define HAVE_SYS_TYPES_H 1
| #define HAVE_SYS_STAT_H 1
| #define HAVE_STDLIB_H 1
| #define HAVE_STRING_H 1
| #define HAVE_MEMORY_H 1
| #define HAVE_STRINGS_H 1
| #define HAVE_INTTYPES_H 1
| #define HAVE_STDINT_H 1
| #define HAVE_UNISTD_H 1
| #define HAVE_DLFCN_H 1
| #define LT_OBJDIR ".libs/"
| /* end confdefs.h.  */
| /* Define shl_load to an innocuous variant, in case <limits.h> declares shl_load.
|    For example, HP-UX 11i <limits.h> declares gettimeofday.  */
| #define shl_load innocuous_shl_load
| 
| /* System header to define __stub macros and hopefully few prototypes,
|     which can conflict with char shl_load (); below.
|     Prefer <limits.h> to <assert.h> if __STDC__ is defined, since
|     <limits.h> exists even on freestanding compilers.  */
| 
| #ifdef __STDC__
| # include <limits.h>
| #else
| # include <assert.h>
| #endif
| 
| #undef shl_load
| 
| /* Override any GCC internal prototype to avoid an error.
|    Use char because int might match the return type of a GCC
|    builtin and then its argument prototype would still apply.  */
| #ifdef __cplusplus
| extern "C"
| #endif
| char shl_load ();
| /* The GNU C library defines this for functions which it implements
|     to always fail with ENOSYS.  Some functions are actually named
|     something starting with __ and the normal name is an alias.  */
| #if defined __stub_shl_load || defined __stub___shl_load
| choke me
| #endif
| 
| int
| main ()
| {
| return shl_load ();
|   ;
|   return 0;
| }
configure:13921: result: no
configure:13925: checking for shl_load in -ldld
configure:13950: gcc -o conftest -g -O2   conftest.c -ldld   >&5
/usr/bin/ld: cannot find -ldld
collect2: error: ld returned 1 exit status
configure:13950: $? = 1
configure: failed program was:
| /* confdefs.h */
| #define PACKAGE_NAME "Rivet"
| #define PACKAGE_TARNAME "Rivet"
| #define PACKAGE_VERSION "3.1.1"
| #define PACKAGE_STRING "Rivet 3.1.1"
| #define PACKAGE_BUGREPORT "rivet@projects.hepforge.org"
| #define PACKAGE_URL ""
| #define PACKAGE "Rivet"
| #define VERSION "3.1.1"
| #define RIVET_VERSION "3.1.1"
| #define RIVET_VERSION_CODE 30101
| #define RIVET_NAME "Rivet"
| #define RIVET_STRING "Rivet 3.1.1"
| #define RIVET_TARNAME "Rivet"
| #define RIVET_BUGREPORT "rivet@projects.hepforge.org"
| #define HAVE_CXX14 1
| #define STDC_HEADERS 1
| #define HAVE_SYS_TYPES_H 1
| #define HAVE_SYS_STAT_H 1
| #define HAVE_STDLIB_H 1
| #define HAVE_STRING_H 1
| #define HAVE_MEMORY_H 1
| #define HAVE_STRINGS_H 1
| #define HAVE_INTTYPES_H 1
| #define HAVE_STDINT_H 1
| #define HAVE_UNISTD_H 1
| #define HAVE_DLFCN_H 1
| #define LT_OBJDIR ".libs/"
| /* end confdefs.h.  */
| 
| /* Override any GCC internal prototype to avoid an error.
|    Use char because int might match the return type of a GCC
|    builtin and then its argument prototype would still apply.  */
| #ifdef __cplusplus
| extern "C"
| #endif
| char shl_load ();
| int
| main ()
| {
| return shl_load ();
|   ;
|   return 0;
| }
configure:13959: result: no
configure:13964: checking for dlopen
configure:13964: gcc -o conftest -g -O2   conftest.c  >&5
/usr/bin/ld: /tmp/ccXogS11.o: in function `main':
/home/preghenella/Downloads/Rivet-3.1.1/conftest.c:64: undefined reference to `dlopen'
collect2: error: ld returned 1 exit status
configure:13964: $? = 1
configure: failed program was:
| /* confdefs.h */
| #define PACKAGE_NAME "Rivet"
| #define PACKAGE_TARNAME "Rivet"
| #define PACKAGE_VERSION "3.1.1"
| #define PACKAGE_STRING "Rivet 3.1.1"
| #define PACKAGE_BUGREPORT "rivet@projects.hepforge.org"
| #define PACKAGE_URL ""
| #define PACKAGE "Rivet"
| #define VERSION "3.1.1"
| #define RIVET_VERSION "3.1.1"
| #define RIVET_VERSION_CODE 30101
| #define RIVET_NAME "Rivet"
| #define RIVET_STRING "Rivet 3.1.1"
| #define RIVET_TARNAME "Rivet"
| #define RIVET_BUGREPORT "rivet@projects.hepforge.org"
| #define HAVE_CXX14 1
| #define STDC_HEADERS 1
| #define HAVE_SYS_TYPES_H 1
| #define HAVE_SYS_STAT_H 1
| #define HAVE_STDLIB_H 1
| #define HAVE_STRING_H 1
| #define HAVE_MEMORY_H 1
| #define HAVE_STRINGS_H 1
| #define HAVE_INTTYPES_H 1
| #define HAVE_STDINT_H 1
| #define HAVE_UNISTD_H 1
| #define HAVE_DLFCN_H 1
| #define LT_OBJDIR ".libs/"
| /* end confdefs.h.  */
| /* Define dlopen to an innocuous variant, in case <limits.h> declares dlopen.
|    For example, HP-UX 11i <limits.h> declares gettimeofday.  */
| #define dlopen innocuous_dlopen
| 
| /* System header to define __stub macros and hopefully few prototypes,
|     which can conflict with char dlopen (); below.
|     Prefer <limits.h> to <assert.h> if __STDC__ is defined, since
|     <limits.h> exists even on freestanding compilers.  */
| 
| #ifdef __STDC__
| # include <limits.h>
| #else
| # include <assert.h>
| #endif
| 
| #undef dlopen
| 
| /* Override any GCC internal prototype to avoid an error.
|    Use char because int might match the return type of a GCC
|    builtin and then its argument prototype would still apply.  */
| #ifdef __cplusplus
| extern "C"
| #endif
| char dlopen ();
| /* The GNU C library defines this for functions which it implements
|     to always fail with ENOSYS.  Some functions are actually named
|     something starting with __ and the normal name is an alias.  */
| #if defined __stub_dlopen || defined __stub___dlopen
| choke me
| #endif
| 
| int
| main ()
| {
| return dlopen ();
|   ;
|   return 0;
| }
configure:13964: result: no
configure:13968: checking for dlopen in -ldl
configure:13993: gcc -o conftest -g -O2   conftest.c -ldl   >&5
configure:13993: $? = 0
configure:14002: result: yes
configure:14121: checking whether a program can dlopen itself
configure:14201: gcc -o conftest -g -O2  -DHAVE_DLFCN_H  -Wl,--export-dynamic conftest.c -ldl  >&5
configure:14204: $? = 0
configure:14222: result: yes
configure:14227: checking whether a statically linked program can dlopen itself
configure:14307: gcc -o conftest -g -O2  -DHAVE_DLFCN_H  -Wl,--export-dynamic -static conftest.c -ldl  >&5
/usr/bin/ld: /tmp/ccieNy5u.o: in function `main':
/home/preghenella/Downloads/Rivet-3.1.1/configure:14286: warning: Using 'dlopen' in statically linked applications requires at runtime the shared libraries from the glibc version used for linking
configure:14310: $? = 0
conftest: undefined symbol: _fnord
configure:14328: result: no
configure:14367: checking whether stripping libraries is possible
configure:14372: result: yes
configure:14407: checking if libtool supports shared libraries
configure:14409: result: yes
configure:14412: checking whether to build shared libraries
configure:14437: result: yes
configure:14440: checking whether to build static libraries
configure:14444: result: no
configure:11243: checking how to run the C++ preprocessor
configure:11270: /usr/bin/g++ -E  conftest.cpp
configure:11270: $? = 0
configure:11284: /usr/bin/g++ -E  conftest.cpp
conftest.cpp:30:10: fatal error: ac_nonexistent.h: No such file or directory
   30 | #include <ac_nonexistent.h>
      |          ^~~~~~~~~~~~~~~~~~
compilation terminated.
configure:11284: $? = 1
configure: failed program was:
| /* confdefs.h */
| #define PACKAGE_NAME "Rivet"
| #define PACKAGE_TARNAME "Rivet"
| #define PACKAGE_VERSION "3.1.1"
| #define PACKAGE_STRING "Rivet 3.1.1"
| #define PACKAGE_BUGREPORT "rivet@projects.hepforge.org"
| #define PACKAGE_URL ""
| #define PACKAGE "Rivet"
| #define VERSION "3.1.1"
| #define RIVET_VERSION "3.1.1"
| #define RIVET_VERSION_CODE 30101
| #define RIVET_NAME "Rivet"
| #define RIVET_STRING "Rivet 3.1.1"
| #define RIVET_TARNAME "Rivet"
| #define RIVET_BUGREPORT "rivet@projects.hepforge.org"
| #define HAVE_CXX14 1
| #define STDC_HEADERS 1
| #define HAVE_SYS_TYPES_H 1
| #define HAVE_SYS_STAT_H 1
| #define HAVE_STDLIB_H 1
| #define HAVE_STRING_H 1
| #define HAVE_MEMORY_H 1
| #define HAVE_STRINGS_H 1
| #define HAVE_INTTYPES_H 1
| #define HAVE_STDINT_H 1
| #define HAVE_UNISTD_H 1
| #define HAVE_DLFCN_H 1
| #define LT_OBJDIR ".libs/"
| /* end confdefs.h.  */
| #include <ac_nonexistent.h>
configure:11309: result: /usr/bin/g++ -E
configure:11329: /usr/bin/g++ -E  conftest.cpp
configure:11329: $? = 0
configure:11343: /usr/bin/g++ -E  conftest.cpp
conftest.cpp:30:10: fatal error: ac_nonexistent.h: No such file or directory
   30 | #include <ac_nonexistent.h>
      |          ^~~~~~~~~~~~~~~~~~
compilation terminated.
configure:11343: $? = 1
configure: failed program was:
| /* confdefs.h */
| #define PACKAGE_NAME "Rivet"
| #define PACKAGE_TARNAME "Rivet"
| #define PACKAGE_VERSION "3.1.1"
| #define PACKAGE_STRING "Rivet 3.1.1"
| #define PACKAGE_BUGREPORT "rivet@projects.hepforge.org"
| #define PACKAGE_URL ""
| #define PACKAGE "Rivet"
| #define VERSION "3.1.1"
| #define RIVET_VERSION "3.1.1"
| #define RIVET_VERSION_CODE 30101
| #define RIVET_NAME "Rivet"
| #define RIVET_STRING "Rivet 3.1.1"
| #define RIVET_TARNAME "Rivet"
| #define RIVET_BUGREPORT "rivet@projects.hepforge.org"
| #define HAVE_CXX14 1
| #define STDC_HEADERS 1
| #define HAVE_SYS_TYPES_H 1
| #define HAVE_SYS_STAT_H 1
| #define HAVE_STDLIB_H 1
| #define HAVE_STRING_H 1
| #define HAVE_MEMORY_H 1
| #define HAVE_STRINGS_H 1
| #define HAVE_INTTYPES_H 1
| #define HAVE_STDINT_H 1
| #define HAVE_UNISTD_H 1
| #define HAVE_DLFCN_H 1
| #define LT_OBJDIR ".libs/"
| /* end confdefs.h.  */
| #include <ac_nonexistent.h>
configure:11505: checking for ld used by /usr/bin/g++
configure:11572: result: /usr/bin/ld -m elf_x86_64
configure:11579: checking if the linker (/usr/bin/ld -m elf_x86_64) is GNU ld
configure:11594: result: yes
configure:11649: checking whether the /usr/bin/g++ linker (/usr/bin/ld -m elf_x86_64) supports shared libraries
configure:12722: result: yes
configure:12758: /usr/bin/g++ -c -O2  conftest.cpp >&5
configure:12761: $? = 0
configure:13242: checking for /usr/bin/g++ option to produce PIC
configure:13249: result: -fPIC -DPIC
configure:13257: checking if /usr/bin/g++ PIC flag -fPIC -DPIC works
configure:13275: /usr/bin/g++ -c -O2  -fPIC -DPIC -DPIC conftest.cpp >&5
configure:13279: $? = 0
configure:13292: result: yes
configure:13315: checking if /usr/bin/g++ static flag -static works
configure:13343: result: yes
configure:13355: checking if /usr/bin/g++ supports -c -o file.o
configure:13376: /usr/bin/g++ -c -O2  -o out/conftest2.o conftest.cpp >&5
configure:13380: $? = 0
configure:13402: result: yes
configure:13407: checking if /usr/bin/g++ supports -c -o file.o
configure:13454: result: yes
configure:13484: checking whether the /usr/bin/g++ linker (/usr/bin/ld -m elf_x86_64) supports shared libraries
configure:13527: result: yes
configure:13668: checking dynamic linker characteristics
configure:14425: result: GNU/Linux ld.so
configure:14490: checking how to hardcode library paths into programs
configure:14515: result: immediate
configure:13410: checking execinfo.h usability
configure:13410: /usr/bin/g++ -c -O2  conftest.cpp >&5
configure:13410: $? = 0
configure:13410: result: yes
configure:13410: checking execinfo.h presence
configure:13410: /usr/bin/g++ -E  conftest.cpp
configure:13410: $? = 0
configure:13410: result: yes
configure:13410: checking for execinfo.h
configure:13410: result: yes
configure:13421: checking size parameter type for backtrace()
configure:13452: gcc -c -g -O2  conftest.c >&5
conftest.c:34:1: error: unknown type name 'size_t'
   34 | size_t backtrace(void **addrlist, size_t len);
      | ^~~~~~
conftest.c:34:35: error: unknown type name 'size_t'
   34 | size_t backtrace(void **addrlist, size_t len);
      |                                   ^~~~~~
conftest.c:33:1: note: 'size_t' is defined in header '<stddef.h>'; did you forget to '#include <stddef.h>'?
   32 | #include <execinfo.h>
   33 | extern
conftest.c:35:47: error: unknown type name 'size_t'
   35 | char **backtrace_symbols(void *const *buffer, size_t size);
      |                                               ^~~~~~
conftest.c:35:47: note: 'size_t' is defined in header '<stddef.h>'; did you forget to '#include <stddef.h>'?
configure:13452: $? = 1
configure: failed program was:
| /* confdefs.h */
| #define PACKAGE_NAME "Rivet"
| #define PACKAGE_TARNAME "Rivet"
| #define PACKAGE_VERSION "3.1.1"
| #define PACKAGE_STRING "Rivet 3.1.1"
| #define PACKAGE_BUGREPORT "rivet@projects.hepforge.org"
| #define PACKAGE_URL ""
| #define PACKAGE "Rivet"
| #define VERSION "3.1.1"
| #define RIVET_VERSION "3.1.1"
| #define RIVET_VERSION_CODE 30101
| #define RIVET_NAME "Rivet"
| #define RIVET_STRING "Rivet 3.1.1"
| #define RIVET_TARNAME "Rivet"
| #define RIVET_BUGREPORT "rivet@projects.hepforge.org"
| #define HAVE_CXX14 1
| #define STDC_HEADERS 1
| #define HAVE_SYS_TYPES_H 1
| #define HAVE_SYS_STAT_H 1
| #define HAVE_STDLIB_H 1
| #define HAVE_STRING_H 1
| #define HAVE_MEMORY_H 1
| #define HAVE_STRINGS_H 1
| #define HAVE_INTTYPES_H 1
| #define HAVE_STDINT_H 1
| #define HAVE_UNISTD_H 1
| #define HAVE_DLFCN_H 1
| #define LT_OBJDIR ".libs/"
| #define HAVE_EXECINFO_H 1
| /* end confdefs.h.  */
| 
| #include <execinfo.h>
| extern
| size_t backtrace(void **addrlist, size_t len);
| char **backtrace_symbols(void *const *buffer, size_t size);
| 
| int
| main ()
| {
| 
|   ;
|   return 0;
| }
configure:13452: gcc -c -g -O2  conftest.c >&5
configure:13452: $? = 0
configure:13464: result: int
configure:13474: checking for library containing backtrace
configure:13505: /usr/bin/g++ -o conftest -O2   conftest.cpp  >&5
configure:13505: $? = 0
configure:13522: result: none required
configure:13536: checking whether strerror_r is declared
configure:13536: /usr/bin/g++ -c -O2  conftest.cpp >&5
configure:13536: $? = 0
configure:13536: result: yes
configure:13549: checking for strerror_r
configure:13549: /usr/bin/g++ -o conftest -O2   conftest.cpp  >&5
configure:13549: $? = 0
configure:13549: result: yes
configure:13558: checking whether strerror_r returns char *
configure:13582: /usr/bin/g++ -c -O2  conftest.cpp >&5
configure:13582: $? = 0
configure:13620: result: yes
configure:13755: checking for uname
configure:13773: found /bin/uname
configure:13786: result: /bin/uname
configure:13887: WARNING: YODA library was not found
configure:14060: WARNING: YODA header directory was not found
configure:14104: error: YODA is required

## ---------------- ##
## Cache variables. ##
## ---------------- ##

ac_cv_build=x86_64-pc-linux-gnu
ac_cv_c_compiler_gnu=yes
ac_cv_cxx_compiler_gnu=yes
ac_cv_env_CCC_set=
ac_cv_env_CCC_value=
ac_cv_env_CC_set=
ac_cv_env_CC_value=
ac_cv_env_CFLAGS_set=
ac_cv_env_CFLAGS_value=
ac_cv_env_CPPFLAGS_set=
ac_cv_env_CPPFLAGS_value=
ac_cv_env_CPP_set=
ac_cv_env_CPP_value=
ac_cv_env_CXXCPP_set=
ac_cv_env_CXXCPP_value=
ac_cv_env_CXXFLAGS_set=
ac_cv_env_CXXFLAGS_value=
ac_cv_env_CXX_set=
ac_cv_env_CXX_value=
ac_cv_env_FASTJETINCPATH_set=
ac_cv_env_FASTJETINCPATH_value=
ac_cv_env_FASTJETLIBNAME_set=
ac_cv_env_FASTJETLIBNAME_value=
ac_cv_env_FASTJETLIBPATH_set=
ac_cv_env_FASTJETLIBPATH_value=
ac_cv_env_FASTJETPATH_set=
ac_cv_env_FASTJETPATH_value=
ac_cv_env_HEPMC3INCPATH_set=
ac_cv_env_HEPMC3INCPATH_value=
ac_cv_env_HEPMC3LIBNAME_set=
ac_cv_env_HEPMC3LIBNAME_value=
ac_cv_env_HEPMC3LIBPATH_set=
ac_cv_env_HEPMC3LIBPATH_value=
ac_cv_env_HEPMC3PATH_set=
ac_cv_env_HEPMC3PATH_value=
ac_cv_env_HEPMCINCPATH_set=
ac_cv_env_HEPMCINCPATH_value=
ac_cv_env_HEPMCLIBNAME_set=
ac_cv_env_HEPMCLIBNAME_value=
ac_cv_env_HEPMCLIBPATH_set=
ac_cv_env_HEPMCLIBPATH_value=
ac_cv_env_HEPMCPATH_set=
ac_cv_env_HEPMCPATH_value=
ac_cv_env_LDFLAGS_set=
ac_cv_env_LDFLAGS_value=
ac_cv_env_LIBS_set=
ac_cv_env_LIBS_value=
ac_cv_env_LT_SYS_LIBRARY_PATH_set=
ac_cv_env_LT_SYS_LIBRARY_PATH_value=
ac_cv_env_PYTHON_VERSION_set=
ac_cv_env_PYTHON_VERSION_value=
ac_cv_env_PYTHON_set=
ac_cv_env_PYTHON_value=
ac_cv_env_YODAINCPATH_set=
ac_cv_env_YODAINCPATH_value=
ac_cv_env_YODALIBNAME_set=
ac_cv_env_YODALIBNAME_value=
ac_cv_env_YODALIBPATH_set=
ac_cv_env_YODALIBPATH_value=
ac_cv_env_YODAPATH_set=
ac_cv_env_YODAPATH_value=
ac_cv_env_build_alias_set=
ac_cv_env_build_alias_value=
ac_cv_env_host_alias_set=
ac_cv_env_host_alias_value=
ac_cv_env_target_alias_set=
ac_cv_env_target_alias_value=
ac_cv_func_dlopen=no
ac_cv_func_shl_load=no
ac_cv_func_strerror_r=yes
ac_cv_func_strerror_r_char_p=yes
ac_cv_have_decl_strerror_r=yes
ac_cv_header_dlfcn_h=yes
ac_cv_header_execinfo_h=yes
ac_cv_header_inttypes_h=yes
ac_cv_header_memory_h=yes
ac_cv_header_stdc=yes
ac_cv_header_stdint_h=yes
ac_cv_header_stdlib_h=yes
ac_cv_header_string_h=yes
ac_cv_header_strings_h=yes
ac_cv_header_sys_stat_h=yes
ac_cv_header_sys_types_h=yes
ac_cv_header_unistd_h=yes
ac_cv_host=x86_64-pc-linux-gnu
ac_cv_lib_dl_dlopen=yes
ac_cv_lib_dld_shl_load=no
ac_cv_objext=o
ac_cv_path_CXX=/usr/bin/g++
ac_cv_path_EGREP='/bin/grep -E'
ac_cv_path_FGREP='/bin/grep -F'
ac_cv_path_GREP=/bin/grep
ac_cv_path_SED=/bin/sed
ac_cv_path_UNAME=/bin/uname
ac_cv_path_install='/usr/bin/install -c'
ac_cv_path_lt_DD=/bin/dd
ac_cv_path_mkdir=/bin/mkdir
ac_cv_prog_AWK=mawk
ac_cv_prog_CPP='gcc -E'
ac_cv_prog_CXXCPP='/usr/bin/g++ -E'
ac_cv_prog_ac_ct_AR=ar
ac_cv_prog_ac_ct_CC=gcc
ac_cv_prog_ac_ct_MANIFEST_TOOL=mt
ac_cv_prog_ac_ct_OBJDUMP=objdump
ac_cv_prog_ac_ct_RANLIB=ranlib
ac_cv_prog_ac_ct_STRIP=strip
ac_cv_prog_cc_c89=
ac_cv_prog_cc_g=yes
ac_cv_prog_cxx_g=yes
ac_cv_prog_make_make_set=yes
ac_cv_search_backtrace='none required'
am_cv_CC_dependencies_compiler_type=gcc3
am_cv_CXX_dependencies_compiler_type=gcc3
am_cv_ar_interface=ar
am_cv_make_support_nested_variables=yes
am_cv_prog_cc_c_o=yes
ax_cv_cxx_compile_cxx14=yes
ax_cv_proto_backtrace_type=int
lt_cv_ar_at_file=@
lt_cv_archive_cmds_need_lc=no
lt_cv_deplibs_check_method=pass_all
lt_cv_dlopen=dlopen
lt_cv_dlopen_libs=-ldl
lt_cv_dlopen_self=yes
lt_cv_dlopen_self_static=no
lt_cv_file_magic_cmd='$MAGIC_CMD'
lt_cv_file_magic_test_file=
lt_cv_ld_reload_flag=-r
lt_cv_nm_interface='BSD nm'
lt_cv_objdir=.libs
lt_cv_path_LD=/usr/bin/ld
lt_cv_path_LDCXX='/usr/bin/ld -m elf_x86_64'
lt_cv_path_NM='/usr/bin/nm -B'
lt_cv_path_mainfest_tool=no
lt_cv_prog_compiler_c_o=yes
lt_cv_prog_compiler_c_o_CXX=yes
lt_cv_prog_compiler_pic='-fPIC -DPIC'
lt_cv_prog_compiler_pic_CXX='-fPIC -DPIC'
lt_cv_prog_compiler_pic_works=yes
lt_cv_prog_compiler_pic_works_CXX=yes
lt_cv_prog_compiler_rtti_exceptions=no
lt_cv_prog_compiler_static_works=yes
lt_cv_prog_compiler_static_works_CXX=yes
lt_cv_prog_gnu_ld=yes
lt_cv_prog_gnu_ldcxx=yes
lt_cv_sharedlib_from_linklib_cmd='printf %s\n'
lt_cv_shlibpath_overrides_runpath=yes
lt_cv_sys_global_symbol_pipe='sed -n -e '\''s/^.*[	 ]\([ABCDGIRSTW][ABCDGIRSTW]*\)[	 ][	 ]*\([_A-Za-z][_A-Za-z0-9]*\)$/\1 \2 \2/p'\'' | sed '\''/ __gnu_lto/d'\'''
lt_cv_sys_global_symbol_to_c_name_address='sed -n -e '\''s/^: \(.*\) .*$/  {"\1", (void *) 0},/p'\'' -e '\''s/^[ABCDGIRSTW][ABCDGIRSTW]* .* \(.*\)$/  {"\1", (void *) \&\1},/p'\'''
lt_cv_sys_global_symbol_to_c_name_address_lib_prefix='sed -n -e '\''s/^: \(.*\) .*$/  {"\1", (void *) 0},/p'\'' -e '\''s/^[ABCDGIRSTW][ABCDGIRSTW]* .* \(lib.*\)$/  {"\1", (void *) \&\1},/p'\'' -e '\''s/^[ABCDGIRSTW][ABCDGIRSTW]* .* \(.*\)$/  {"lib\1", (void *) \&\1},/p'\'''
lt_cv_sys_global_symbol_to_cdecl='sed -n -e '\''s/^T .* \(.*\)$/extern int \1();/p'\'' -e '\''s/^[ABCDGIRSTW][ABCDGIRSTW]* .* \(.*\)$/extern char \1;/p'\'''
lt_cv_sys_global_symbol_to_import=
lt_cv_sys_max_cmd_len=1572864
lt_cv_to_host_file_cmd=func_convert_file_noop
lt_cv_to_tool_file_cmd=func_convert_file_noop
lt_cv_truncate_bin='/bin/dd bs=4096 count=1'

## ----------------- ##
## Output variables. ##
## ----------------- ##

ACLOCAL='${SHELL} /home/preghenella/Downloads/Rivet-3.1.1/missing aclocal-1.15'
AMDEPBACKSLASH='\'
AMDEP_FALSE='#'
AMDEP_TRUE=''
AMTAR='$${TAR-tar}'
AM_BACKSLASH='\'
AM_CPPFLAGS=''
AM_CXXFLAGS=''
AM_DEFAULT_V='$(AM_DEFAULT_VERBOSITY)'
AM_DEFAULT_VERBOSITY='0'
AM_V='$(V)'
AR='ar'
ASCIIDOC=''
AUTOCONF='${SHELL} /home/preghenella/Downloads/Rivet-3.1.1/missing autoconf'
AUTOHEADER='${SHELL} /home/preghenella/Downloads/Rivet-3.1.1/missing autoheader'
AUTOMAKE='${SHELL} /home/preghenella/Downloads/Rivet-3.1.1/missing automake-1.15'
AWK='mawk'
CC='gcc'
CCDEPMODE='depmode=gcc3'
CFLAGS='-g -O2'
CPP='gcc -E'
CPPFLAGS=''
CXX='/usr/bin/g++'
CXXCPP='/usr/bin/g++ -E'
CXXDEPMODE='depmode=gcc3'
CXXFLAGS='-O2'
CYGPATH_W='echo'
DEFS=''
DEPDIR='.deps'
DLLTOOL='false'
DOXYGEN=''
DSYMUTIL=''
DUMPBIN=''
ECHO_C=''
ECHO_N='-n'
ECHO_T=''
EGREP='/bin/grep -E'
EMPTY=''
ENABLE_ANALYSES_FALSE=''
ENABLE_ANALYSES_TRUE=''
ENABLE_HEPMC_3_FALSE=''
ENABLE_HEPMC_3_TRUE=''
ENABLE_PDFMANUAL_FALSE=''
ENABLE_PDFMANUAL_TRUE=''
ENABLE_PYEXT_FALSE=''
ENABLE_PYEXT_TRUE=''
EXEEXT=''
FASTJETCPPFLAGS=''
FASTJETINCNAME=''
FASTJETINCPATH=''
FASTJETINCPATH=''
FASTJETLDFLAGS=''
FASTJETLDFLAGS=''
FASTJETLDLIBS=''
FASTJETLIB=''
FASTJETLIBADD=''
FASTJETLIBNAME=''
FASTJETLIBNAME=''
FASTJETLIBPATH=''
FASTJETLIBPATH=''
FASTJETPATH=''
FGREP='/bin/grep -F'
FJCONFIG=''
FJCONTRIBCPPFLAGS=''
FJCONTRIBINCPATH=''
FJCONTRIBLIBPATH=''
GREP='/bin/grep'
HAVE_CXX14='1'
HEPMC3CPPFLAGS=''
HEPMC3INCNAME=''
HEPMC3INCPATH=''
HEPMC3INCPATH=''
HEPMC3LDFLAGS=''
HEPMC3LDLIBS=''
HEPMC3LIB=''
HEPMC3LIBNAME=''
HEPMC3LIBNAME=''
HEPMC3LIBPATH=''
HEPMC3LIBPATH=''
HEPMC3PATH=''
HEPMCCPPFLAGS=''
HEPMCINCNAME=''
HEPMCINCPATH=''
HEPMCINCPATH=''
HEPMCINCPATH=''
HEPMCLDFLAGS=''
HEPMCLDLIBS=''
HEPMCLIB=''
HEPMCLIBNAME=''
HEPMCLIBNAME=''
HEPMCLIBNAME=''
HEPMCLIBPATH=''
HEPMCLIBPATH=''
HEPMCLIBPATH=''
HEPMCPATH=''
HEPMC_VERSION=''
INSTALL_DATA='${INSTALL} -m 644'
INSTALL_PROGRAM='${INSTALL}'
INSTALL_SCRIPT='${INSTALL}'
INSTALL_STRIP_PROGRAM='$(install_sh) -c -s'
LCG_TAG='x86_64-Linux-gcc93-opt'
LD='/usr/bin/ld -m elf_x86_64'
LDFLAGS=''
LIBOBJS=''
LIBPATHVARNAME='LD_LIBRARY_PATH'
LIBS=''
LIBTOOL='$(SHELL) $(top_builddir)/libtool'
LIPO=''
LN_S='ln -s'
LTLIBOBJS=''
LT_OBJDIR=''
LT_SYS_LIBRARY_PATH=''
MAKEINFO='${SHELL} /home/preghenella/Downloads/Rivet-3.1.1/missing makeinfo'
MANIFEST_TOOL=':'
MKDIR_P='/bin/mkdir -p'
NM='/usr/bin/nm -B'
NMEDIT=''
OBJDUMP='objdump'
OBJEXT='o'
OTOOL64=''
OTOOL=''
PACKAGE='Rivet'
PACKAGE_BUGREPORT='rivet@projects.hepforge.org'
PACKAGE_NAME='Rivet'
PACKAGE_STRING='Rivet 3.1.1'
PACKAGE_TARNAME='Rivet'
PACKAGE_URL=''
PACKAGE_VERSION='3.1.1'
PATH_SEPARATOR=':'
PYEXT_CXXFLAGS=''
PYTHON=''
PYTHON_CPPFLAGS=''
PYTHON_EXEC_PREFIX=''
PYTHON_EXTRA_LDFLAGS=''
PYTHON_EXTRA_LIBS=''
PYTHON_LIBS=''
PYTHON_PLATFORM=''
PYTHON_PREFIX=''
PYTHON_SITE_PKG=''
PYTHON_VERSION=''
RANLIB='ranlib'
RIVETCXX='/usr/bin/g++'
RIVETCXXFLAGS='-O2'
RIVET_PYTHONPATH=''
RIVET_SETUP_PY_PATH=''
SED='/bin/sed'
SET_MAKE=''
SHELL='/bin/bash'
STRIP='strip'
SWVERS=''
UNAME='/bin/uname'
VERSION='3.1.1'
WITHOUT_FASTJETINC_FALSE=''
WITHOUT_FASTJETINC_TRUE=''
WITHOUT_FASTJETLIB_FALSE=''
WITHOUT_FASTJETLIB_TRUE=''
WITHOUT_FASTJET_FALSE=''
WITHOUT_FASTJET_TRUE=''
WITHOUT_HEPMC3INC_FALSE=''
WITHOUT_HEPMC3INC_FALSE=''
WITHOUT_HEPMC3INC_TRUE=''
WITHOUT_HEPMC3INC_TRUE=''
WITHOUT_HEPMC3LIB_FALSE=''
WITHOUT_HEPMC3LIB_FALSE=''
WITHOUT_HEPMC3LIB_TRUE=''
WITHOUT_HEPMC3LIB_TRUE=''
WITHOUT_HEPMC3_FALSE=''
WITHOUT_HEPMC3_FALSE=''
WITHOUT_HEPMC3_TRUE=''
WITHOUT_HEPMC3_TRUE=''
WITHOUT_HEPMCINC_FALSE=''
WITHOUT_HEPMCINC_FALSE=''
WITHOUT_HEPMCINC_TRUE=''
WITHOUT_HEPMCINC_TRUE=''
WITHOUT_HEPMCLIB_FALSE=''
WITHOUT_HEPMCLIB_FALSE=''
WITHOUT_HEPMCLIB_TRUE=''
WITHOUT_HEPMCLIB_TRUE=''
WITHOUT_HEPMC_FALSE=''
WITHOUT_HEPMC_FALSE=''
WITHOUT_HEPMC_TRUE=''
WITHOUT_HEPMC_TRUE=''
WITHOUT_YODAINC_FALSE=''
WITHOUT_YODAINC_TRUE='#'
WITHOUT_YODALIB_FALSE='#'
WITHOUT_YODALIB_TRUE=''
WITHOUT_YODA_FALSE=''
WITHOUT_YODA_TRUE=''
WITH_ASCIIDOC_FALSE=''
WITH_ASCIIDOC_TRUE=''
WITH_CYTHON_FALSE=''
WITH_CYTHON_TRUE=''
WITH_DOXYGEN_FALSE=''
WITH_DOXYGEN_TRUE=''
WITH_FASTJETINC_FALSE=''
WITH_FASTJETINC_TRUE=''
WITH_FASTJETLIB_FALSE=''
WITH_FASTJETLIB_TRUE=''
WITH_FASTJET_FALSE=''
WITH_FASTJET_TRUE=''
WITH_HEPMC3INC_FALSE=''
WITH_HEPMC3INC_FALSE=''
WITH_HEPMC3INC_TRUE=''
WITH_HEPMC3INC_TRUE=''
WITH_HEPMC3LIB_FALSE=''
WITH_HEPMC3LIB_FALSE=''
WITH_HEPMC3LIB_TRUE=''
WITH_HEPMC3LIB_TRUE=''
WITH_HEPMC3_FALSE=''
WITH_HEPMC3_FALSE=''
WITH_HEPMC3_TRUE=''
WITH_HEPMC3_TRUE=''
WITH_HEPMCINC_FALSE=''
WITH_HEPMCINC_FALSE=''
WITH_HEPMCINC_TRUE=''
WITH_HEPMCINC_TRUE=''
WITH_HEPMCLIB_FALSE=''
WITH_HEPMCLIB_FALSE=''
WITH_HEPMCLIB_TRUE=''
WITH_HEPMCLIB_TRUE=''
WITH_HEPMC_FALSE=''
WITH_HEPMC_FALSE=''
WITH_HEPMC_TRUE=''
WITH_HEPMC_TRUE=''
WITH_OSX_FALSE=''
WITH_OSX_TRUE='#'
WITH_PDFLATEX_FALSE=''
WITH_PDFLATEX_TRUE=''
WITH_YODAINC_FALSE='#'
WITH_YODAINC_TRUE=''
WITH_YODALIB_FALSE=''
WITH_YODALIB_TRUE='#'
WITH_YODA_FALSE=''
WITH_YODA_TRUE=''
YODABINPATH=''
YODACONFIG=''
YODACPPFLAGS=''
YODAINCNAME=''
YODAINCPATH=''
YODAINCPATH=''
YODALDFLAGS=''
YODALDLIBS=''
YODALIB=''
YODALIBNAME=''
YODALIBNAME=''
YODALIBPATH=''
YODALIBPATH=''
YODAPATH=''
YODA_PYTHONPATH=''
ac_ct_AR='ar'
ac_ct_CC='gcc'
ac_ct_CXX=''
ac_ct_DUMPBIN=''
am__EXEEXT_FALSE=''
am__EXEEXT_TRUE=''
am__fastdepCC_FALSE='#'
am__fastdepCC_TRUE=''
am__fastdepCXX_FALSE='#'
am__fastdepCXX_TRUE=''
am__include='include'
am__isrc=''
am__leading_dot='.'
am__nodep='_no'
am__quote=''
am__tar='$${TAR-tar} chof - "$$tardir"'
am__untar='$${TAR-tar} xf -'
bindir='${exec_prefix}/bin'
build='x86_64-pc-linux-gnu'
build_alias=''
build_cpu='x86_64'
build_os='linux-gnu'
build_vendor='pc'
datadir='${datarootdir}'
datarootdir='${prefix}/share'
docdir='${datarootdir}/doc/${PACKAGE_TARNAME}'
dvidir='${docdir}'
exec_prefix='NONE'
host='x86_64-pc-linux-gnu'
host_alias=''
host_cpu='x86_64'
host_os='linux-gnu'
host_vendor='pc'
htmldir='${docdir}'
includedir='${prefix}/include'
infodir='${datarootdir}/info'
install_sh='${SHELL} /home/preghenella/Downloads/Rivet-3.1.1/install-sh'
libdir='${exec_prefix}/lib'
libexecdir='${exec_prefix}/libexec'
localedir='${datarootdir}/locale'
localstatedir='${prefix}/var'
mandir='${datarootdir}/man'
mkdir_p='$(MKDIR_P)'
oldincludedir='/usr/include'
pdfdir='${docdir}'
pkgpyexecdir=''
pkgpythondir=''
prefix='/usr/local'
program_transform_name='s,x,x,'
psdir='${docdir}'
pyexecdir=''
pythondir=''
runstatedir='${localstatedir}/run'
sbindir='${exec_prefix}/sbin'
sharedstatedir='${prefix}/com'
sysconfdir='${prefix}/etc'
target_alias=''

## ----------- ##
## confdefs.h. ##
## ----------- ##

/* confdefs.h */
#define PACKAGE_NAME "Rivet"
#define PACKAGE_TARNAME "Rivet"
#define PACKAGE_VERSION "3.1.1"
#define PACKAGE_STRING "Rivet 3.1.1"
#define PACKAGE_BUGREPORT "rivet@projects.hepforge.org"
#define PACKAGE_URL ""
#define PACKAGE "Rivet"
#define VERSION "3.1.1"
#define RIVET_VERSION "3.1.1"
#define RIVET_VERSION_CODE 30101
#define RIVET_NAME "Rivet"
#define RIVET_STRING "Rivet 3.1.1"
#define RIVET_TARNAME "Rivet"
#define RIVET_BUGREPORT "rivet@projects.hepforge.org"
#define HAVE_CXX14 1
#define STDC_HEADERS 1
#define HAVE_SYS_TYPES_H 1
#define HAVE_SYS_STAT_H 1
#define HAVE_STDLIB_H 1
#define HAVE_STRING_H 1
#define HAVE_MEMORY_H 1
#define HAVE_STRINGS_H 1
#define HAVE_INTTYPES_H 1
#define HAVE_STDINT_H 1
#define HAVE_UNISTD_H 1
#define HAVE_DLFCN_H 1
#define LT_OBJDIR ".libs/"
#define HAVE_EXECINFO_H 1
#define backtrace_size_t int
#define HAVE_BACKTRACE 1
#define HAVE_DECL_STRERROR_R 1
#define HAVE_STRERROR_R 1
#define STRERROR_R_CHAR_P 1

configure: exit 1
